Determining if the pthread_create exist failed with the following output:
Change Dir: /home/multipleye/Donghoon/UndistortionPoints/build/CMakeFiles/CMakeTmp

Run Build Command:"/usr/bin/make" "cmTC_0928d/fast"
/usr/bin/make -f CMakeFiles/cmTC_0928d.dir/build.make CMakeFiles/cmTC_0928d.dir/build
make[1]: Entering directory '/home/multipleye/Donghoon/UndistortionPoints/build/CMakeFiles/CMakeTmp'
Building C object CMakeFiles/cmTC_0928d.dir/CheckSymbolExists.c.o
/usr/bin/cc    -o CMakeFiles/cmTC_0928d.dir/CheckSymbolExists.c.o   -c /home/multipleye/Donghoon/UndistortionPoints/build/CMakeFiles/CMakeTmp/CheckSymbolExists.c
Linking C executable cmTC_0928d
/usr/bin/cmake -E cmake_link_script CMakeFiles/cmTC_0928d.dir/link.txt --verbose=1
/usr/bin/cc      -rdynamic CMakeFiles/cmTC_0928d.dir/CheckSymbolExists.c.o  -o cmTC_0928d 
CMakeFiles/cmTC_0928d.dir/CheckSymbolExists.c.o: In function `main':
CheckSymbolExists.c:(.text+0x1b): undefined reference to `pthread_create'
collect2: error: ld returned 1 exit status
CMakeFiles/cmTC_0928d.dir/build.make:97: recipe for target 'cmTC_0928d' failed
make[1]: *** [cmTC_0928d] Error 1
make[1]: Leaving directory '/home/multipleye/Donghoon/UndistortionPoints/build/CMakeFiles/CMakeTmp'
Makefile:126: recipe for target 'cmTC_0928d/fast' failed
make: *** [cmTC_0928d/fast] Error 2

File /home/multipleye/Donghoon/UndistortionPoints/build/CMakeFiles/CMakeTmp/CheckSymbolExists.c:
/* */
#include <pthread.h>

int main(int argc, char** argv)
{
  (void)argv;
#ifndef pthread_create
  return ((int*)(&pthread_create))[argc];
#else
  (void)argc;
  return 0;
#endif
}

Determining if the function pthread_create exists in the pthreads failed with the following output:
Change Dir: /home/multipleye/Donghoon/UndistortionPoints/build/CMakeFiles/CMakeTmp

Run Build Command:"/usr/bin/make" "cmTC_53faa/fast"
/usr/bin/make -f CMakeFiles/cmTC_53faa.dir/build.make CMakeFiles/cmTC_53faa.dir/build
make[1]: Entering directory '/home/multipleye/Donghoon/UndistortionPoints/build/CMakeFiles/CMakeTmp'
Building C object CMakeFiles/cmTC_53faa.dir/CheckFunctionExists.c.o
/usr/bin/cc   -DCHECK_FUNCTION_EXISTS=pthread_create   -o CMakeFiles/cmTC_53faa.dir/CheckFunctionExists.c.o   -c /usr/share/cmake-3.10/Modules/CheckFunctionExists.c
Linking C executable cmTC_53faa
/usr/bin/cmake -E cmake_link_script CMakeFiles/cmTC_53faa.dir/link.txt --verbose=1
/usr/bin/cc  -DCHECK_FUNCTION_EXISTS=pthread_create    -rdynamic CMakeFiles/cmTC_53faa.dir/CheckFunctionExists.c.o  -o cmTC_53faa -lpthreads 
/usr/bin/ld: cannot find -lpthreads
collect2: error: ld returned 1 exit status
CMakeFiles/cmTC_53faa.dir/build.make:97: recipe for target 'cmTC_53faa' failed
make[1]: *** [cmTC_53faa] Error 1
make[1]: Leaving directory '/home/multipleye/Donghoon/UndistortionPoints/build/CMakeFiles/CMakeTmp'
Makefile:126: recipe for target 'cmTC_53faa/fast' failed
make: *** [cmTC_53faa/fast] Error 2


